{"C:\\Users\\usuario\\Desktop\\Telus\\Galileo FullStack\\Cursos grabacion\\Semestre 5\\UI-UX\\Proyectos\\monitoreo_Energia_IOT\\backend\\src\\app.js": {"path":"C:\\Users\\usuario\\Desktop\\Telus\\Galileo FullStack\\Cursos grabacion\\Semestre 5\\UI-UX\\Proyectos\\monitoreo_Energia_IOT\\backend\\src\\app.js","statementMap":{"0":{"start":{"line":2,"column":16},"end":{"line":2,"column":34}},"1":{"start":{"line":3,"column":13},"end":{"line":3,"column":28}},"2":{"start":{"line":4,"column":19},"end":{"line":4,"column":39}},"3":{"start":{"line":5,"column":13},"end":{"line":5,"column":28}},"4":{"start":{"line":6,"column":12},"end":{"line":6,"column":35}},"5":{"start":{"line":7,"column":18},"end":{"line":7,"column":37}},"6":{"start":{"line":8,"column":22},"end":{"line":8,"column":55}},"7":{"start":{"line":9,"column":0},"end":{"line":9,"column":27}},"8":{"start":{"line":12,"column":19},"end":{"line":12,"column":49}},"9":{"start":{"line":14,"column":12},"end":{"line":14,"column":21}},"10":{"start":{"line":15,"column":15},"end":{"line":15,"column":37}},"11":{"start":{"line":18,"column":11},"end":{"line":24,"column":2}},"12":{"start":{"line":27,"column":15},"end":{"line":29,"column":2}},"13":{"start":{"line":32,"column":2},"end":{"line":35,"column":5}},"14":{"start":{"line":33,"column":23},"end":{"line":33,"column":56}},"15":{"start":{"line":34,"column":4},"end":{"line":34,"column":31}},"16":{"start":{"line":39,"column":0},"end":{"line":70,"column":3}},"17":{"start":{"line":41,"column":16},"end":{"line":41,"column":43}},"18":{"start":{"line":43,"column":2},"end":{"line":46,"column":4}},"19":{"start":{"line":48,"column":2},"end":{"line":50,"column":3}},"20":{"start":{"line":49,"column":4},"end":{"line":49,"column":77}},"21":{"start":{"line":53,"column":2},"end":{"line":69,"column":4}},"22":{"start":{"line":62,"column":6},"end":{"line":64,"column":7}},"23":{"start":{"line":63,"column":8},"end":{"line":63,"column":73}},"24":{"start":{"line":66,"column":6},"end":{"line":66,"column":28}},"25":{"start":{"line":67,"column":6},"end":{"line":67,"column":13}},"26":{"start":{"line":73,"column":0},"end":{"line":73,"column":16}},"27":{"start":{"line":74,"column":0},"end":{"line":74,"column":24}},"28":{"start":{"line":77,"column":0},"end":{"line":80,"column":3}},"29":{"start":{"line":78,"column":2},"end":{"line":78,"column":14}},"30":{"start":{"line":79,"column":2},"end":{"line":79,"column":9}},"31":{"start":{"line":83,"column":0},"end":{"line":83,"column":34}},"32":{"start":{"line":84,"column":0},"end":{"line":84,"column":40}},"33":{"start":{"line":87,"column":0},"end":{"line":93,"column":3}},"34":{"start":{"line":88,"column":2},"end":{"line":88,"column":58}},"35":{"start":{"line":90,"column":2},"end":{"line":92,"column":5}},"36":{"start":{"line":91,"column":4},"end":{"line":91,"column":54}},"37":{"start":{"line":96,"column":0},"end":{"line":101,"column":1}},"38":{"start":{"line":97,"column":15},"end":{"line":97,"column":39}},"39":{"start":{"line":98,"column":2},"end":{"line":100,"column":5}},"40":{"start":{"line":99,"column":4},"end":{"line":99,"column":72}},"41":{"start":{"line":104,"column":0},"end":{"line":104,"column":21}}},"fnMap":{"0":{"name":"getKey","decl":{"start":{"line":31,"column":9},"end":{"line":31,"column":15}},"loc":{"start":{"line":31,"column":34},"end":{"line":36,"column":1}},"line":31},"1":{"name":"(anonymous_1)","decl":{"start":{"line":32,"column":35},"end":{"line":32,"column":36}},"loc":{"start":{"line":32,"column":49},"end":{"line":35,"column":3}},"line":32},"2":{"name":"(anonymous_2)","decl":{"start":{"line":39,"column":7},"end":{"line":39,"column":8}},"loc":{"start":{"line":39,"column":25},"end":{"line":70,"column":1}},"line":39},"3":{"name":"(anonymous_3)","decl":{"start":{"line":61,"column":4},"end":{"line":61,"column":5}},"loc":{"start":{"line":61,"column":22},"end":{"line":68,"column":5}},"line":61},"4":{"name":"(anonymous_4)","decl":{"start":{"line":77,"column":8},"end":{"line":77,"column":9}},"loc":{"start":{"line":77,"column":28},"end":{"line":80,"column":1}},"line":77},"5":{"name":"(anonymous_5)","decl":{"start":{"line":87,"column":20},"end":{"line":87,"column":21}},"loc":{"start":{"line":87,"column":32},"end":{"line":93,"column":1}},"line":87},"6":{"name":"(anonymous_6)","decl":{"start":{"line":90,"column":26},"end":{"line":90,"column":27}},"loc":{"start":{"line":90,"column":32},"end":{"line":92,"column":3}},"line":90},"7":{"name":"(anonymous_7)","decl":{"start":{"line":98,"column":22},"end":{"line":98,"column":23}},"loc":{"start":{"line":98,"column":28},"end":{"line":100,"column":3}},"line":98}},"branchMap":{"0":{"loc":{"start":{"line":33,"column":23},"end":{"line":33,"column":56}},"type":"binary-expr","locations":[{"start":{"line":33,"column":23},"end":{"line":33,"column":36}},{"start":{"line":33,"column":40},"end":{"line":33,"column":56}}],"line":33},"1":{"loc":{"start":{"line":45,"column":4},"end":{"line":45,"column":43}},"type":"cond-expr","locations":[{"start":{"line":45,"column":12},"end":{"line":45,"column":26}},{"start":{"line":45,"column":29},"end":{"line":45,"column":43}}],"line":45},"2":{"loc":{"start":{"line":48,"column":2},"end":{"line":50,"column":3}},"type":"if","locations":[{"start":{"line":48,"column":2},"end":{"line":50,"column":3}},{"start":{},"end":{}}],"line":48},"3":{"loc":{"start":{"line":62,"column":6},"end":{"line":64,"column":7}},"type":"if","locations":[{"start":{"line":62,"column":6},"end":{"line":64,"column":7}},{"start":{},"end":{}}],"line":62},"4":{"loc":{"start":{"line":96,"column":0},"end":{"line":101,"column":1}},"type":"if","locations":[{"start":{"line":96,"column":0},"end":{"line":101,"column":1}},{"start":{},"end":{}}],"line":96},"5":{"loc":{"start":{"line":97,"column":15},"end":{"line":97,"column":39}},"type":"binary-expr","locations":[{"start":{"line":97,"column":15},"end":{"line":97,"column":31}},{"start":{"line":97,"column":35},"end":{"line":97,"column":39}}],"line":97}},"s":{"0":2,"1":2,"2":2,"3":2,"4":2,"5":2,"6":2,"7":2,"8":2,"9":2,"10":2,"11":2,"12":2,"13":0,"14":0,"15":0,"16":2,"17":0,"18":0,"19":0,"20":0,"21":0,"22":0,"23":0,"24":0,"25":0,"26":2,"27":2,"28":2,"29":13,"30":13,"31":2,"32":2,"33":2,"34":0,"35":0,"36":0,"37":2,"38":0,"39":0,"40":0,"41":2},"f":{"0":0,"1":0,"2":0,"3":0,"4":13,"5":0,"6":0,"7":0},"b":{"0":[0,0],"1":[0,0],"2":[0,0],"3":[0,0],"4":[0,2],"5":[0,0]},"_coverageSchema":"1a1c01bbd47fc00a2c39e90264f33305004495a9","hash":"dbb8d79e033b336d95693eebdf7392e5cc83e3ba"}
,"C:\\Users\\usuario\\Desktop\\Telus\\Galileo FullStack\\Cursos grabacion\\Semestre 5\\UI-UX\\Proyectos\\monitoreo_Energia_IOT\\backend\\src\\config\\db.js": {"path":"C:\\Users\\usuario\\Desktop\\Telus\\Galileo FullStack\\Cursos grabacion\\Semestre 5\\UI-UX\\Proyectos\\monitoreo_Energia_IOT\\backend\\src\\config\\db.js","statementMap":{"0":{"start":{"line":2,"column":17},"end":{"line":2,"column":30}},"1":{"start":{"line":3,"column":0},"end":{"line":3,"column":27}},"2":{"start":{"line":5,"column":13},"end":{"line":7,"column":2}},"3":{"start":{"line":10,"column":0},"end":{"line":19,"column":3}},"4":{"start":{"line":11,"column":2},"end":{"line":18,"column":3}},"5":{"start":{"line":12,"column":4},"end":{"line":12,"column":69}},"6":{"start":{"line":14,"column":4},"end":{"line":17,"column":6}},"7":{"start":{"line":22,"column":0},"end":{"line":25,"column":3}},"8":{"start":{"line":23,"column":2},"end":{"line":23,"column":65}},"9":{"start":{"line":24,"column":2},"end":{"line":24,"column":19}},"10":{"start":{"line":27,"column":0},"end":{"line":27,"column":22}}},"fnMap":{"0":{"name":"(anonymous_0)","decl":{"start":{"line":10,"column":27},"end":{"line":10,"column":28}},"loc":{"start":{"line":10,"column":41},"end":{"line":19,"column":1}},"line":10},"1":{"name":"(anonymous_1)","decl":{"start":{"line":22,"column":17},"end":{"line":22,"column":18}},"loc":{"start":{"line":22,"column":26},"end":{"line":25,"column":1}},"line":22}},"branchMap":{"0":{"loc":{"start":{"line":11,"column":2},"end":{"line":18,"column":3}},"type":"if","locations":[{"start":{"line":11,"column":2},"end":{"line":18,"column":3}},{"start":{"line":13,"column":9},"end":{"line":18,"column":3}}],"line":11}},"s":{"0":2,"1":2,"2":2,"3":2,"4":0,"5":0,"6":0,"7":2,"8":0,"9":0,"10":2},"f":{"0":0,"1":0},"b":{"0":[0,0]},"_coverageSchema":"1a1c01bbd47fc00a2c39e90264f33305004495a9","hash":"becdd34e3da5cf28bcc12b72e976ea7b8565d04d"}
,"C:\\Users\\usuario\\Desktop\\Telus\\Galileo FullStack\\Cursos grabacion\\Semestre 5\\UI-UX\\Proyectos\\monitoreo_Energia_IOT\\backend\\src\\controllers\\metricaController.js": {"path":"C:\\Users\\usuario\\Desktop\\Telus\\Galileo FullStack\\Cursos grabacion\\Semestre 5\\UI-UX\\Proyectos\\monitoreo_Energia_IOT\\backend\\src\\controllers\\metricaController.js","statementMap":{"0":{"start":{"line":2,"column":23},"end":{"line":2,"column":60}},"1":{"start":{"line":7,"column":24},"end":{"line":37,"column":1}},"2":{"start":{"line":8,"column":2},"end":{"line":36,"column":3}},"3":{"start":{"line":9,"column":28},"end":{"line":9,"column":73}},"4":{"start":{"line":13,"column":4},"end":{"line":13,"column":50}},"5":{"start":{"line":16,"column":4},"end":{"line":21,"column":5}},"6":{"start":{"line":20,"column":6},"end":{"line":20,"column":53}},"7":{"start":{"line":24,"column":4},"end":{"line":30,"column":5}},"8":{"start":{"line":25,"column":6},"end":{"line":29,"column":9}},"9":{"start":{"line":32,"column":4},"end":{"line":32,"column":42}},"10":{"start":{"line":34,"column":4},"end":{"line":34,"column":55}},"11":{"start":{"line":35,"column":4},"end":{"line":35,"column":76}},"12":{"start":{"line":39,"column":21},"end":{"line":58,"column":1}},"13":{"start":{"line":40,"column":2},"end":{"line":57,"column":3}},"14":{"start":{"line":42,"column":17},"end":{"line":42,"column":62}},"15":{"start":{"line":45,"column":6},"end":{"line":45,"column":59}},"16":{"start":{"line":47,"column":4},"end":{"line":50,"column":7}},"17":{"start":{"line":52,"column":4},"end":{"line":52,"column":70}},"18":{"start":{"line":53,"column":4},"end":{"line":56,"column":7}},"19":{"start":{"line":60,"column":25},"end":{"line":81,"column":1}},"20":{"start":{"line":61,"column":2},"end":{"line":80,"column":3}},"21":{"start":{"line":62,"column":44},"end":{"line":62,"column":53}},"22":{"start":{"line":64,"column":17},"end":{"line":68,"column":6}},"23":{"start":{"line":70,"column":4},"end":{"line":73,"column":7}},"24":{"start":{"line":75,"column":4},"end":{"line":75,"column":61}},"25":{"start":{"line":76,"column":4},"end":{"line":79,"column":7}},"26":{"start":{"line":83,"column":23},"end":{"line":97,"column":1}},"27":{"start":{"line":84,"column":2},"end":{"line":96,"column":3}},"28":{"start":{"line":85,"column":25},"end":{"line":85,"column":72}},"29":{"start":{"line":86,"column":4},"end":{"line":89,"column":7}},"30":{"start":{"line":91,"column":4},"end":{"line":91,"column":66}},"31":{"start":{"line":92,"column":4},"end":{"line":95,"column":7}},"32":{"start":{"line":99,"column":0},"end":{"line":104,"column":2}}},"fnMap":{"0":{"name":"(anonymous_0)","decl":{"start":{"line":7,"column":24},"end":{"line":7,"column":25}},"loc":{"start":{"line":7,"column":44},"end":{"line":37,"column":1}},"line":7},"1":{"name":"(anonymous_1)","decl":{"start":{"line":39,"column":21},"end":{"line":39,"column":22}},"loc":{"start":{"line":39,"column":41},"end":{"line":58,"column":1}},"line":39},"2":{"name":"(anonymous_2)","decl":{"start":{"line":60,"column":25},"end":{"line":60,"column":26}},"loc":{"start":{"line":60,"column":45},"end":{"line":81,"column":1}},"line":60},"3":{"name":"(anonymous_3)","decl":{"start":{"line":83,"column":23},"end":{"line":83,"column":24}},"loc":{"start":{"line":83,"column":43},"end":{"line":97,"column":1}},"line":83}},"branchMap":{"0":{"loc":{"start":{"line":16,"column":4},"end":{"line":21,"column":5}},"type":"if","locations":[{"start":{"line":16,"column":4},"end":{"line":21,"column":5}},{"start":{},"end":{}}],"line":16},"1":{"loc":{"start":{"line":17,"column":6},"end":{"line":18,"column":44}},"type":"binary-expr","locations":[{"start":{"line":17,"column":6},"end":{"line":17,"column":46}},{"start":{"line":18,"column":6},"end":{"line":18,"column":44}}],"line":17},"2":{"loc":{"start":{"line":24,"column":4},"end":{"line":30,"column":5}},"type":"if","locations":[{"start":{"line":24,"column":4},"end":{"line":30,"column":5}},{"start":{},"end":{}}],"line":24},"3":{"loc":{"start":{"line":42,"column":17},"end":{"line":42,"column":62}},"type":"cond-expr","locations":[{"start":{"line":42,"column":34},"end":{"line":42,"column":58}},{"start":{"line":42,"column":61},"end":{"line":42,"column":62}}],"line":42},"4":{"loc":{"start":{"line":65,"column":13},"end":{"line":65,"column":27}},"type":"binary-expr","locations":[{"start":{"line":65,"column":13},"end":{"line":65,"column":18}},{"start":{"line":65,"column":22},"end":{"line":65,"column":27}}],"line":65},"5":{"loc":{"start":{"line":66,"column":18},"end":{"line":66,"column":39}},"type":"binary-expr","locations":[{"start":{"line":66,"column":18},"end":{"line":66,"column":28}},{"start":{"line":66,"column":32},"end":{"line":66,"column":39}}],"line":66},"6":{"loc":{"start":{"line":67,"column":16},"end":{"line":67,"column":30}},"type":"binary-expr","locations":[{"start":{"line":67,"column":16},"end":{"line":67,"column":24}},{"start":{"line":67,"column":28},"end":{"line":67,"column":30}}],"line":67}},"s":{"0":2,"1":2,"2":3,"3":3,"4":2,"5":2,"6":1,"7":2,"8":1,"9":2,"10":1,"11":1,"12":2,"13":2,"14":2,"15":2,"16":1,"17":1,"18":1,"19":2,"20":2,"21":2,"22":2,"23":1,"24":1,"25":1,"26":2,"27":2,"28":2,"29":1,"30":1,"31":1,"32":2},"f":{"0":3,"1":2,"2":2,"3":2},"b":{"0":[1,1],"1":[2,2],"2":[1,1],"3":[0,2],"4":[2,2],"5":[2,2],"6":[2,2]},"_coverageSchema":"1a1c01bbd47fc00a2c39e90264f33305004495a9","hash":"c64a93de6c5930513054aa2057c55eb7b3cd9474"}
,"C:\\Users\\usuario\\Desktop\\Telus\\Galileo FullStack\\Cursos grabacion\\Semestre 5\\UI-UX\\Proyectos\\monitoreo_Energia_IOT\\backend\\src\\controllers\\nodoController.js": {"path":"C:\\Users\\usuario\\Desktop\\Telus\\Galileo FullStack\\Cursos grabacion\\Semestre 5\\UI-UX\\Proyectos\\monitoreo_Energia_IOT\\backend\\src\\controllers\\nodoController.js","statementMap":{"0":{"start":{"line":2,"column":20},"end":{"line":2,"column":54}},"1":{"start":{"line":7,"column":22},"end":{"line":20,"column":1}},"2":{"start":{"line":8,"column":2},"end":{"line":19,"column":3}},"3":{"start":{"line":10,"column":22},"end":{"line":10,"column":59}},"4":{"start":{"line":13,"column":4},"end":{"line":13,"column":36}},"5":{"start":{"line":15,"column":4},"end":{"line":15,"column":52}},"6":{"start":{"line":16,"column":4},"end":{"line":18,"column":69}},"7":{"start":{"line":22,"column":20},"end":{"line":30,"column":1}},"8":{"start":{"line":23,"column":2},"end":{"line":29,"column":3}},"9":{"start":{"line":24,"column":18},"end":{"line":24,"column":50}},"10":{"start":{"line":25,"column":4},"end":{"line":25,"column":20}},"11":{"start":{"line":27,"column":4},"end":{"line":27,"column":50}},"12":{"start":{"line":28,"column":4},"end":{"line":28,"column":76}},"13":{"start":{"line":32,"column":0},"end":{"line":35,"column":2}}},"fnMap":{"0":{"name":"(anonymous_0)","decl":{"start":{"line":7,"column":22},"end":{"line":7,"column":23}},"loc":{"start":{"line":7,"column":42},"end":{"line":20,"column":1}},"line":7},"1":{"name":"(anonymous_1)","decl":{"start":{"line":22,"column":20},"end":{"line":22,"column":21}},"loc":{"start":{"line":22,"column":40},"end":{"line":30,"column":1}},"line":22}},"branchMap":{},"s":{"0":2,"1":2,"2":2,"3":2,"4":1,"5":1,"6":1,"7":2,"8":2,"9":2,"10":1,"11":1,"12":1,"13":2},"f":{"0":2,"1":2},"b":{},"_coverageSchema":"1a1c01bbd47fc00a2c39e90264f33305004495a9","hash":"970020ead20260f60ed5b5a3aed1fe3840ef790a"}
,"C:\\Users\\usuario\\Desktop\\Telus\\Galileo FullStack\\Cursos grabacion\\Semestre 5\\UI-UX\\Proyectos\\monitoreo_Energia_IOT\\backend\\src\\middleware\\authMiddleware.js": {"path":"C:\\Users\\usuario\\Desktop\\Telus\\Galileo FullStack\\Cursos grabacion\\Semestre 5\\UI-UX\\Proyectos\\monitoreo_Energia_IOT\\backend\\src\\middleware\\authMiddleware.js","statementMap":{"0":{"start":{"line":2,"column":17},"end":{"line":2,"column":53}},"1":{"start":{"line":3,"column":0},"end":{"line":3,"column":27}},"2":{"start":{"line":10,"column":23},"end":{"line":14,"column":2}},"3":{"start":{"line":16,"column":0},"end":{"line":18,"column":2}}},"fnMap":{},"branchMap":{},"s":{"0":1,"1":1,"2":1,"3":1},"f":{},"b":{},"_coverageSchema":"1a1c01bbd47fc00a2c39e90264f33305004495a9","hash":"931fb40f56c47ca36b832f46e6a87f0137289034"}
,"C:\\Users\\usuario\\Desktop\\Telus\\Galileo FullStack\\Cursos grabacion\\Semestre 5\\UI-UX\\Proyectos\\monitoreo_Energia_IOT\\backend\\src\\routes\\metricaRoutes.js": {"path":"C:\\Users\\usuario\\Desktop\\Telus\\Galileo FullStack\\Cursos grabacion\\Semestre 5\\UI-UX\\Proyectos\\monitoreo_Energia_IOT\\backend\\src\\routes\\metricaRoutes.js","statementMap":{"0":{"start":{"line":2,"column":16},"end":{"line":2,"column":34}},"1":{"start":{"line":3,"column":15},"end":{"line":3,"column":31}},"2":{"start":{"line":4,"column":26},"end":{"line":4,"column":69}},"3":{"start":{"line":5,"column":27},"end":{"line":5,"column":66}},"4":{"start":{"line":11,"column":0},"end":{"line":11,"column":68}},"5":{"start":{"line":14,"column":0},"end":{"line":14,"column":73}},"6":{"start":{"line":17,"column":0},"end":{"line":17,"column":72}},"7":{"start":{"line":20,"column":0},"end":{"line":20,"column":78}},"8":{"start":{"line":22,"column":0},"end":{"line":22,"column":24}}},"fnMap":{},"branchMap":{},"s":{"0":2,"1":2,"2":2,"3":2,"4":2,"5":2,"6":2,"7":2,"8":2},"f":{},"b":{},"_coverageSchema":"1a1c01bbd47fc00a2c39e90264f33305004495a9","hash":"0d53be127c0d78ceee1e74ec9654b696d62ca504"}
,"C:\\Users\\usuario\\Desktop\\Telus\\Galileo FullStack\\Cursos grabacion\\Semestre 5\\UI-UX\\Proyectos\\monitoreo_Energia_IOT\\backend\\src\\routes\\nodoRoutes.js": {"path":"C:\\Users\\usuario\\Desktop\\Telus\\Galileo FullStack\\Cursos grabacion\\Semestre 5\\UI-UX\\Proyectos\\monitoreo_Energia_IOT\\backend\\src\\routes\\nodoRoutes.js","statementMap":{"0":{"start":{"line":2,"column":16},"end":{"line":2,"column":34}},"1":{"start":{"line":3,"column":15},"end":{"line":3,"column":31}},"2":{"start":{"line":4,"column":23},"end":{"line":4,"column":63}},"3":{"start":{"line":5,"column":27},"end":{"line":5,"column":66}},"4":{"start":{"line":12,"column":0},"end":{"line":12,"column":44}},"5":{"start":{"line":15,"column":0},"end":{"line":15,"column":63}},"6":{"start":{"line":17,"column":0},"end":{"line":17,"column":24}}},"fnMap":{},"branchMap":{},"s":{"0":2,"1":2,"2":2,"3":2,"4":2,"5":2,"6":2},"f":{},"b":{},"_coverageSchema":"1a1c01bbd47fc00a2c39e90264f33305004495a9","hash":"ad4f1770cc901424c0a797377eee4d2bdb31be04"}
,"C:\\Users\\usuario\\Desktop\\Telus\\Galileo FullStack\\Cursos grabacion\\Semestre 5\\UI-UX\\Proyectos\\monitoreo_Energia_IOT\\backend\\src\\services\\metricaService.js": {"path":"C:\\Users\\usuario\\Desktop\\Telus\\Galileo FullStack\\Cursos grabacion\\Semestre 5\\UI-UX\\Proyectos\\monitoreo_Energia_IOT\\backend\\src\\services\\metricaService.js","statementMap":{"0":{"start":{"line":2,"column":13},"end":{"line":2,"column":36}},"1":{"start":{"line":7,"column":23},"end":{"line":48,"column":1}},"2":{"start":{"line":17,"column":8},"end":{"line":17,"column":13}},"3":{"start":{"line":19,"column":18},"end":{"line":23,"column":9}},"4":{"start":{"line":24,"column":19},"end":{"line":31,"column":5}},"5":{"start":{"line":33,"column":19},"end":{"line":33,"column":50}},"6":{"start":{"line":34,"column":4},"end":{"line":34,"column":26}},"7":{"start":{"line":39,"column":18},"end":{"line":44,"column":9}},"8":{"start":{"line":45,"column":19},"end":{"line":45,"column":52}},"9":{"start":{"line":46,"column":4},"end":{"line":46,"column":23}},"10":{"start":{"line":50,"column":35},"end":{"line":66,"column":1}},"11":{"start":{"line":53,"column":16},"end":{"line":61,"column":5}},"12":{"start":{"line":64,"column":19},"end":{"line":64,"column":60}},"13":{"start":{"line":65,"column":2},"end":{"line":65,"column":14}},"14":{"start":{"line":68,"column":29},"end":{"line":114,"column":1}},"15":{"start":{"line":70,"column":14},"end":{"line":81,"column":5}},"16":{"start":{"line":83,"column":17},"end":{"line":83,"column":19}},"17":{"start":{"line":84,"column":19},"end":{"line":84,"column":20}},"18":{"start":{"line":87,"column":2},"end":{"line":93,"column":3}},"19":{"start":{"line":88,"column":4},"end":{"line":88,"column":53}},"20":{"start":{"line":89,"column":9},"end":{"line":93,"column":3}},"21":{"start":{"line":90,"column":4},"end":{"line":90,"column":72}},"22":{"start":{"line":91,"column":9},"end":{"line":93,"column":3}},"23":{"start":{"line":92,"column":4},"end":{"line":92,"column":69}},"24":{"start":{"line":96,"column":2},"end":{"line":100,"column":3}},"25":{"start":{"line":97,"column":4},"end":{"line":97,"column":50}},"26":{"start":{"line":98,"column":4},"end":{"line":98,"column":28}},"27":{"start":{"line":99,"column":4},"end":{"line":99,"column":17}},"28":{"start":{"line":103,"column":2},"end":{"line":107,"column":3}},"29":{"start":{"line":104,"column":4},"end":{"line":104,"column":95}},"30":{"start":{"line":105,"column":4},"end":{"line":105,"column":40}},"31":{"start":{"line":106,"column":4},"end":{"line":106,"column":17}},"32":{"start":{"line":110,"column":2},"end":{"line":110,"column":51}},"33":{"start":{"line":112,"column":19},"end":{"line":112,"column":50}},"34":{"start":{"line":113,"column":2},"end":{"line":113,"column":14}},"35":{"start":{"line":116,"column":33},"end":{"line":146,"column":1}},"36":{"start":{"line":118,"column":16},"end":{"line":142,"column":5}},"37":{"start":{"line":144,"column":19},"end":{"line":144,"column":42}},"38":{"start":{"line":145,"column":2},"end":{"line":145,"column":14}},"39":{"start":{"line":148,"column":0},"end":{"line":153,"column":2}}},"fnMap":{"0":{"name":"(anonymous_0)","decl":{"start":{"line":9,"column":18},"end":{"line":9,"column":19}},"loc":{"start":{"line":9,"column":35},"end":{"line":35,"column":3}},"line":9},"1":{"name":"(anonymous_1)","decl":{"start":{"line":38,"column":20},"end":{"line":38,"column":21}},"loc":{"start":{"line":38,"column":38},"end":{"line":47,"column":3}},"line":38},"2":{"name":"(anonymous_2)","decl":{"start":{"line":50,"column":35},"end":{"line":50,"column":36}},"loc":{"start":{"line":50,"column":55},"end":{"line":66,"column":1}},"line":50},"3":{"name":"(anonymous_3)","decl":{"start":{"line":68,"column":29},"end":{"line":68,"column":30}},"loc":{"start":{"line":68,"column":72},"end":{"line":114,"column":1}},"line":68},"4":{"name":"(anonymous_4)","decl":{"start":{"line":116,"column":33},"end":{"line":116,"column":34}},"loc":{"start":{"line":116,"column":45},"end":{"line":146,"column":1}},"line":116}},"branchMap":{"0":{"loc":{"start":{"line":50,"column":42},"end":{"line":50,"column":50}},"type":"default-arg","locations":[{"start":{"line":50,"column":49},"end":{"line":50,"column":50}}],"line":50},"1":{"loc":{"start":{"line":87,"column":2},"end":{"line":93,"column":3}},"type":"if","locations":[{"start":{"line":87,"column":2},"end":{"line":93,"column":3}},{"start":{"line":89,"column":9},"end":{"line":93,"column":3}}],"line":87},"2":{"loc":{"start":{"line":89,"column":9},"end":{"line":93,"column":3}},"type":"if","locations":[{"start":{"line":89,"column":9},"end":{"line":93,"column":3}},{"start":{"line":91,"column":9},"end":{"line":93,"column":3}}],"line":89},"3":{"loc":{"start":{"line":91,"column":9},"end":{"line":93,"column":3}},"type":"if","locations":[{"start":{"line":91,"column":9},"end":{"line":93,"column":3}},{"start":{},"end":{}}],"line":91},"4":{"loc":{"start":{"line":96,"column":2},"end":{"line":100,"column":3}},"type":"if","locations":[{"start":{"line":96,"column":2},"end":{"line":100,"column":3}},{"start":{},"end":{}}],"line":96},"5":{"loc":{"start":{"line":96,"column":6},"end":{"line":96,"column":42}},"type":"binary-expr","locations":[{"start":{"line":96,"column":6},"end":{"line":96,"column":16}},{"start":{"line":96,"column":20},"end":{"line":96,"column":42}}],"line":96},"6":{"loc":{"start":{"line":103,"column":2},"end":{"line":107,"column":3}},"type":"if","locations":[{"start":{"line":103,"column":2},"end":{"line":107,"column":3}},{"start":{},"end":{}}],"line":103},"7":{"loc":{"start":{"line":103,"column":6},"end":{"line":103,"column":40}},"type":"binary-expr","locations":[{"start":{"line":103,"column":6},"end":{"line":103,"column":14}},{"start":{"line":103,"column":18},"end":{"line":103,"column":40}}],"line":103}},"s":{"0":3,"1":3,"2":4,"3":4,"4":4,"5":4,"6":2,"7":1,"8":1,"9":0,"10":3,"11":3,"12":3,"13":1,"14":3,"15":3,"16":3,"17":3,"18":3,"19":2,"20":1,"21":0,"22":1,"23":0,"24":3,"25":0,"26":0,"27":0,"28":3,"29":0,"30":0,"31":0,"32":3,"33":3,"34":1,"35":3,"36":4,"37":4,"38":2,"39":3},"f":{"0":4,"1":1,"2":3,"3":3,"4":4},"b":{"0":[1],"1":[2,1],"2":[0,1],"3":[0,1],"4":[0,3],"5":[3,2],"6":[0,3],"7":[3,0]},"_coverageSchema":"1a1c01bbd47fc00a2c39e90264f33305004495a9","hash":"a8148519eeea0df8bc0975e2113e42d78c4ff255"}
,"C:\\Users\\usuario\\Desktop\\Telus\\Galileo FullStack\\Cursos grabacion\\Semestre 5\\UI-UX\\Proyectos\\monitoreo_Energia_IOT\\backend\\src\\services\\nodoService.js": {"path":"C:\\Users\\usuario\\Desktop\\Telus\\Galileo FullStack\\Cursos grabacion\\Semestre 5\\UI-UX\\Proyectos\\monitoreo_Energia_IOT\\backend\\src\\services\\nodoService.js","statementMap":{"0":{"start":{"line":2,"column":13},"end":{"line":2,"column":36}},"1":{"start":{"line":7,"column":20},"end":{"line":29,"column":1}},"2":{"start":{"line":11,"column":46},"end":{"line":11,"column":55}},"3":{"start":{"line":12,"column":18},"end":{"line":16,"column":9}},"4":{"start":{"line":17,"column":19},"end":{"line":17,"column":50}},"5":{"start":{"line":19,"column":19},"end":{"line":19,"column":50}},"6":{"start":{"line":20,"column":4},"end":{"line":20,"column":26}},"7":{"start":{"line":25,"column":18},"end":{"line":25,"column":60}},"8":{"start":{"line":26,"column":19},"end":{"line":26,"column":42}},"9":{"start":{"line":27,"column":4},"end":{"line":27,"column":23}},"10":{"start":{"line":31,"column":0},"end":{"line":31,"column":29}}},"fnMap":{"0":{"name":"(anonymous_0)","decl":{"start":{"line":10,"column":13},"end":{"line":10,"column":14}},"loc":{"start":{"line":10,"column":34},"end":{"line":21,"column":3}},"line":10},"1":{"name":"(anonymous_1)","decl":{"start":{"line":24,"column":16},"end":{"line":24,"column":17}},"loc":{"start":{"line":24,"column":28},"end":{"line":28,"column":3}},"line":24}},"branchMap":{},"s":{"0":2,"1":2,"2":2,"3":2,"4":2,"5":2,"6":1,"7":2,"8":2,"9":1,"10":2},"f":{"0":2,"1":2},"b":{},"_coverageSchema":"1a1c01bbd47fc00a2c39e90264f33305004495a9","hash":"35649869c78b12f5cabd25afe6cb324d0027bdfb"}
}
