TN:
SF:src\app.js
FN:31,getKey
FN:32,(anonymous_1)
FN:39,(anonymous_2)
FN:61,(anonymous_3)
FN:77,(anonymous_4)
FN:87,(anonymous_5)
FN:90,(anonymous_6)
FN:98,(anonymous_7)
FNF:8
FNH:1
FNDA:0,getKey
FNDA:0,(anonymous_1)
FNDA:0,(anonymous_2)
FNDA:0,(anonymous_3)
FNDA:13,(anonymous_4)
FNDA:0,(anonymous_5)
FNDA:0,(anonymous_6)
FNDA:0,(anonymous_7)
DA:2,2
DA:3,2
DA:4,2
DA:5,2
DA:6,2
DA:7,2
DA:8,2
DA:9,2
DA:12,2
DA:14,2
DA:15,2
DA:18,2
DA:27,2
DA:32,0
DA:33,0
DA:34,0
DA:39,2
DA:41,0
DA:43,0
DA:48,0
DA:49,0
DA:53,0
DA:62,0
DA:63,0
DA:66,0
DA:67,0
DA:73,2
DA:74,2
DA:77,2
DA:78,13
DA:79,13
DA:83,2
DA:84,2
DA:87,2
DA:88,0
DA:90,0
DA:91,0
DA:96,2
DA:97,0
DA:98,0
DA:99,0
DA:104,2
LF:42
LH:24
BRDA:33,0,0,0
BRDA:33,0,1,0
BRDA:45,1,0,0
BRDA:45,1,1,0
BRDA:48,2,0,0
BRDA:48,2,1,0
BRDA:62,3,0,0
BRDA:62,3,1,0
BRDA:96,4,0,0
BRDA:96,4,1,2
BRDA:97,5,0,0
BRDA:97,5,1,0
BRF:12
BRH:1
end_of_record
TN:
SF:src\config\db.js
FN:10,(anonymous_0)
FN:22,(anonymous_1)
FNF:2
FNH:0
FNDA:0,(anonymous_0)
FNDA:0,(anonymous_1)
DA:2,2
DA:3,2
DA:5,2
DA:10,2
DA:11,0
DA:12,0
DA:14,0
DA:22,2
DA:23,0
DA:24,0
DA:27,2
LF:11
LH:6
BRDA:11,0,0,0
BRDA:11,0,1,0
BRF:2
BRH:0
end_of_record
TN:
SF:src\controllers\metricaController.js
FN:7,(anonymous_0)
FN:39,(anonymous_1)
FN:60,(anonymous_2)
FN:83,(anonymous_3)
FNF:4
FNH:4
FNDA:3,(anonymous_0)
FNDA:2,(anonymous_1)
FNDA:2,(anonymous_2)
FNDA:2,(anonymous_3)
DA:2,2
DA:7,2
DA:8,3
DA:9,3
DA:13,2
DA:16,2
DA:20,1
DA:24,2
DA:25,1
DA:32,2
DA:34,1
DA:35,1
DA:39,2
DA:40,2
DA:42,2
DA:45,2
DA:47,1
DA:52,1
DA:53,1
DA:60,2
DA:61,2
DA:62,2
DA:64,2
DA:70,1
DA:75,1
DA:76,1
DA:83,2
DA:84,2
DA:85,2
DA:86,1
DA:91,1
DA:92,1
DA:99,2
LF:33
LH:33
BRDA:16,0,0,1
BRDA:16,0,1,1
BRDA:17,1,0,2
BRDA:17,1,1,2
BRDA:24,2,0,1
BRDA:24,2,1,1
BRDA:42,3,0,0
BRDA:42,3,1,2
BRDA:65,4,0,2
BRDA:65,4,1,2
BRDA:66,5,0,2
BRDA:66,5,1,2
BRDA:67,6,0,2
BRDA:67,6,1,2
BRF:14
BRH:13
end_of_record
TN:
SF:src\controllers\nodoController.js
FN:7,(anonymous_0)
FN:22,(anonymous_1)
FNF:2
FNH:2
FNDA:2,(anonymous_0)
FNDA:2,(anonymous_1)
DA:2,2
DA:7,2
DA:8,2
DA:10,2
DA:13,1
DA:15,1
DA:16,1
DA:22,2
DA:23,2
DA:24,2
DA:25,1
DA:27,1
DA:28,1
DA:32,2
LF:14
LH:14
BRF:0
BRH:0
end_of_record
TN:
SF:src\middleware\authMiddleware.js
FNF:0
FNH:0
DA:2,1
DA:3,1
DA:10,1
DA:16,1
LF:4
LH:4
BRF:0
BRH:0
end_of_record
TN:
SF:src\routes\metricaRoutes.js
FNF:0
FNH:0
DA:2,2
DA:3,2
DA:4,2
DA:5,2
DA:11,2
DA:14,2
DA:17,2
DA:20,2
DA:22,2
LF:9
LH:9
BRF:0
BRH:0
end_of_record
TN:
SF:src\routes\nodoRoutes.js
FNF:0
FNH:0
DA:2,2
DA:3,2
DA:4,2
DA:5,2
DA:12,2
DA:15,2
DA:17,2
LF:7
LH:7
BRF:0
BRH:0
end_of_record
TN:
SF:src\services\metricaService.js
FN:9,(anonymous_0)
FN:38,(anonymous_1)
FN:50,(anonymous_2)
FN:68,(anonymous_3)
FN:116,(anonymous_4)
FNF:5
FNH:5
FNDA:4,(anonymous_0)
FNDA:1,(anonymous_1)
FNDA:3,(anonymous_2)
FNDA:3,(anonymous_3)
FNDA:4,(anonymous_4)
DA:2,3
DA:7,3
DA:17,4
DA:19,4
DA:24,4
DA:33,4
DA:34,2
DA:39,1
DA:45,1
DA:46,0
DA:50,3
DA:53,3
DA:64,3
DA:65,1
DA:68,3
DA:70,3
DA:83,3
DA:84,3
DA:87,3
DA:88,2
DA:89,1
DA:90,0
DA:91,1
DA:92,0
DA:96,3
DA:97,0
DA:98,0
DA:99,0
DA:103,3
DA:104,0
DA:105,0
DA:106,0
DA:110,3
DA:112,3
DA:113,1
DA:116,3
DA:118,4
DA:144,4
DA:145,2
DA:148,3
LF:40
LH:31
BRDA:50,0,0,1
BRDA:87,1,0,2
BRDA:87,1,1,1
BRDA:89,2,0,0
BRDA:89,2,1,1
BRDA:91,3,0,0
BRDA:91,3,1,1
BRDA:96,4,0,0
BRDA:96,4,1,3
BRDA:96,5,0,3
BRDA:96,5,1,2
BRDA:103,6,0,0
BRDA:103,6,1,3
BRDA:103,7,0,3
BRDA:103,7,1,0
BRF:15
BRH:10
end_of_record
TN:
SF:src\services\nodoService.js
FN:10,(anonymous_0)
FN:24,(anonymous_1)
FNF:2
FNH:2
FNDA:2,(anonymous_0)
FNDA:2,(anonymous_1)
DA:2,2
DA:7,2
DA:11,2
DA:12,2
DA:17,2
DA:19,2
DA:20,1
DA:25,2
DA:26,2
DA:27,1
DA:31,2
LF:11
LH:11
BRF:0
BRH:0
end_of_record
